DEPRECATED! use 'adapter driver' not 'interface'
Info : CMSIS-DAP: SWD  supported
Info : CMSIS-DAP: Atomic commands supported
Info : CMSIS-DAP: FW Version = 0254
Info : CMSIS-DAP: Serial# = 04440001faa303e200000000000000000000000097969906
Info : CMSIS-DAP: Interface Initialised (SWD)
Info : SWCLK/TCK = 1 SWDIO/TMS = 1 TDI = 0 TDO = 0 nTRST = 0 nRESET = 1
Info : CMSIS-DAP: Interface ready
Info : clock speed 2000 kHz
Info : SWD DPIDR 0x2ba01477
Info : SWD DPIDR 0x2ba01477
Error: Failed to read memory and, additionally, failed to find out where
Warn : target max32xxx.cpu examination failed
Info : starting gdb server for max32xxx.cpu on pipe
Info : SWD DPIDR 0x2ba01477
Info : max32xxx.cpu: Cortex-M4 r0p1 processor detected
Info : max32xxx.cpu: target has 6 breakpoints, 4 watchpoints
Warn : target was in unknown state when halt was requested
Info : max32xxx.cpu: external reset detected
target halted due to debug-request, current mode: Thread 
xPSR: 0x21000000 pc: 0x10004d7a msp: 0x2001ffe0
Info : SWD DPIDR 0x2ba01477
target halted due to debug-request, current mode: Thread 
xPSR: 0x81000000 pc: 0x00002120 msp: 0x20003ff0
Info : Listening on port 6666 for tcl connections
Info : Listening on port 4444 for telnet connections
Info : accepting 'gdb' connection from pipe
Warn : Prefer GDB command "target extended-remote :pipe" instead of "target remote :pipe"
Info : SWD DPIDR 0x2ba01477
target halted due to debug-request, current mode: Thread 
xPSR: 0x81000000 pc: 0x00002120 msp: 0x20003ff0
Warn : keep_alive() was not invoked in the 1000 ms timelimit. GDB alive packet not sent! (1521 ms). Workaround: increase "set remotetimeout" in GDB
Info : Padding image section 0 at 0x10041828 with 8 bytes
Info : SWD DPIDR 0x2ba01477
target halted due to debug-request, current mode: Thread 
xPSR: 0x81000000 pc: 0x00002120 msp: 0x20003ff0
Info : SWD DPIDR 0x2ba01477
target halted due to debug-request, current mode: Thread 
xPSR: 0x81000000 pc: 0x00002120 msp: 0x20003ff0
Info : dropped 'gdb' connection
